<?xml version="1.0" encoding="UTF-8"?>
<!-- Generated by org.testng.reporters.JUnitReportReporter -->
<testsuite hostname="JIM-TI8227" name="sceanrios_TCs.Login_Scenario" tests="2" failures="0" timestamp="11 Dec 2015 09:53:45 GMT" time="42.437" errors="1">
  <testcase name="invalid_login" time="0.000" classname="sceanrios_TCs.Login_Scenario">
    <error type="java.lang.RuntimeException" message="java.lang.OutOfMemoryError: Java heap space">
      <![CDATA[java.lang.RuntimeException: java.lang.OutOfMemoryError: Java heap space
	at org.testng.internal.MethodInvocationHelper.invokeDataProvider(MethodInvocationHelper.java:162)
	at org.testng.internal.Parameters.handleParameters(Parameters.java:430)
	at org.testng.internal.Invoker.handleParameters(Invoker.java:1287)
	at org.testng.internal.Invoker.createParameters(Invoker.java:1004)
	at org.testng.internal.Invoker.invokeTestMethods(Invoker.java:1093)
	at org.testng.internal.TestMethodWorker.invokeTestMethods(TestMethodWorker.java:124)
	at org.testng.internal.TestMethodWorker.run(TestMethodWorker.java:108)
	at org.testng.TestRunner.privateRun(TestRunner.java:771)
	at org.testng.TestRunner.run(TestRunner.java:621)
	at org.testng.SuiteRunner.runTest(SuiteRunner.java:357)
	at org.testng.SuiteRunner.access$000(SuiteRunner.java:38)
	at org.testng.SuiteRunner$SuiteWorker.run(SuiteRunner.java:391)
	at org.testng.internal.thread.ThreadUtil$2.call(ThreadUtil.java:64)
	at java.util.concurrent.FutureTask.run(Unknown Source)
	at java.util.concurrent.ThreadPoolExecutor.runWorker(Unknown Source)
	at java.util.concurrent.ThreadPoolExecutor$Worker.run(Unknown Source)
	at java.lang.Thread.run(Unknown Source)
Caused by: java.lang.OutOfMemoryError: Java heap space
	at org.apache.xmlbeans.impl.store.Locale$ScrubBuffer.<init>(Locale.java:1885)
	at org.apache.xmlbeans.impl.store.Locale.getScrubBuffer(Locale.java:1904)
	at org.apache.xmlbeans.impl.store.Xobj.getValueAsString(Xobj.java:1205)
	at org.apache.xmlbeans.impl.store.Xobj.fetch_text(Xobj.java:1796)
	at org.apache.xmlbeans.impl.values.XmlObjectBase.get_wscanon_text(XmlObjectBase.java:1332)
	at org.apache.xmlbeans.impl.values.XmlObjectBase.check_dated(XmlObjectBase.java:1269)
	at org.apache.xmlbeans.impl.values.JavaLongHolder.longValue(JavaLongHolder.java:53)
	at org.apache.xmlbeans.impl.values.XmlObjectBase.getLongValue(XmlObjectBase.java:1502)
	at org.openxmlformats.schemas.spreadsheetml.x2006.main.impl.CTRowImpl.getR(Unknown Source)
	at org.apache.poi.xssf.usermodel.XSSFRow.getRowNum(XSSFRow.java:322)
	at org.apache.poi.xssf.usermodel.XSSFSheet.initRows(XSSFSheet.java:229)
	at org.apache.poi.xssf.usermodel.XSSFSheet.read(XSSFSheet.java:193)
	at org.apache.poi.xssf.usermodel.XSSFSheet.onDocumentRead(XSSFSheet.java:180)
	at org.apache.poi.xssf.usermodel.XSSFWorkbook.onDocumentRead(XSSFWorkbook.java:300)
	at org.apache.poi.POIXMLDocument.load(POIXMLDocument.java:159)
	at org.apache.poi.xssf.usermodel.XSSFWorkbook.<init>(XSSFWorkbook.java:221)
	at generic_component.ExcelReadWrite.<init>(ExcelReadWrite.java:23)
	at dataprovider.DP_LoginScenario.excelhandler(DP_LoginScenario.java:35)
	at dataprovider.DP_LoginScenario.Invalid_Login_DP(DP_LoginScenario.java:20)
	at sun.reflect.NativeMethodAccessorImpl.invoke0(Native Method)
	at sun.reflect.NativeMethodAccessorImpl.invoke(Unknown Source)
	at sun.reflect.DelegatingMethodAccessorImpl.invoke(Unknown Source)
	at java.lang.reflect.Method.invoke(Unknown Source)
	at org.testng.internal.MethodInvocationHelper.invokeMethod(MethodInvocationHelper.java:85)
	at org.testng.internal.MethodInvocationHelper.invokeDataProvider(MethodInvocationHelper.java:154)
	at org.testng.internal.Parameters.handleParameters(Parameters.java:430)
	at org.testng.internal.Invoker.handleParameters(Invoker.java:1287)
	at org.testng.internal.Invoker.createParameters(Invoker.java:1004)
	at org.testng.internal.Invoker.invokeTestMethods(Invoker.java:1093)
	at org.testng.internal.TestMethodWorker.invokeTestMethods(TestMethodWorker.java:124)
	at org.testng.internal.TestMethodWorker.run(TestMethodWorker.java:108)
	at org.testng.TestRunner.privateRun(TestRunner.java:771)
]]>
    </error>
  </testcase> <!-- invalid_login -->
  <testcase name="valid_login" time="42.437" classname="sceanrios_TCs.Login_Scenario"/>
</testsuite> <!-- sceanrios_TCs.Login_Scenario -->
