<?xml version="1.0" encoding="UTF-8"?>
<!-- Generated by org.testng.reporters.JUnitReportReporter -->
<testsuite hostname="JIM-TI8227" name="sceanrios_TCs.Search_Scenario" tests="4" failures="0" timestamp="11 Dec 2015 09:53:45 GMT" time="79.135" errors="0">
  <testcase name="ValidSearch" time="20.562" classname="sceanrios_TCs.Search_Scenario"/>
  <testcase name="ValidSearch" time="22.322" classname="sceanrios_TCs.Search_Scenario"/>
  <testcase name="ValidSearch" time="17.717" classname="sceanrios_TCs.Search_Scenario"/>
  <testcase name="InvalidSearch" time="18.534" classname="sceanrios_TCs.Search_Scenario"/>
</testsuite> <!-- sceanrios_TCs.Search_Scenario -->
