<?xml version="1.0" encoding="UTF-8"?>
<!-- Generated by org.testng.reporters.JUnitReportReporter -->
<testsuite hostname="JIM-TI8227" name="sceanrios_TCs.Cart_Scenario" tests="3" failures="0" timestamp="11 Dec 2015 12:50:58 GMT" time="122.865" errors="0">
  <testcase name="delete_cart" time="37.246" classname="sceanrios_TCs.Cart_Scenario"/>
  <testcase name="update_cart" time="39.997" classname="sceanrios_TCs.Cart_Scenario"/>
  <testcase name="add_cart" time="45.622" classname="sceanrios_TCs.Cart_Scenario"/>
</testsuite> <!-- sceanrios_TCs.Cart_Scenario -->
