<?xml version="1.0" encoding="UTF-8"?>
<!-- Generated by org.testng.reporters.JUnitReportReporter -->
<testsuite hostname="JIM-TI8227" name="sceanrios_TCs.Login_Scenario" tests="3" failures="0" timestamp="11 Dec 2015 12:50:58 GMT" time="69.531" errors="0">
  <testcase name="invalid_login" time="23.163" classname="sceanrios_TCs.Login_Scenario"/>
  <testcase name="invalid_login" time="23.551" classname="sceanrios_TCs.Login_Scenario"/>
  <testcase name="valid_login" time="22.817" classname="sceanrios_TCs.Login_Scenario"/>
</testsuite> <!-- sceanrios_TCs.Login_Scenario -->
