<?xml version="1.0" encoding="UTF-8"?>
<!-- Generated by org.testng.reporters.JUnitReportReporter -->
<testsuite hostname="JIM-TI8227" name="sceanrios_TCs.Login_Search" tests="1" failures="0" timestamp="10 Dec 2015 15:47:43 GMT" time="17.124" errors="0">
  <testcase name="InvalidSearch" time="17.124" classname="sceanrios_TCs.Login_Search"/>
</testsuite> <!-- sceanrios_TCs.Login_Search -->
