<?xml version="1.0" encoding="UTF-8"?>
<!-- Generated by org.testng.reporters.JUnitReportReporter -->
<testsuite hostname="JIM-TI8227" name="sceanrios_TCs.Search_Scenario" tests="4" failures="0" timestamp="11 Dec 2015 10:40:36 GMT" time="69.572" errors="0">
  <testcase name="ValidSearch" time="17.308" classname="sceanrios_TCs.Search_Scenario"/>
  <testcase name="ValidSearch" time="19.990" classname="sceanrios_TCs.Search_Scenario"/>
  <testcase name="InvalidSearch" time="15.780" classname="sceanrios_TCs.Search_Scenario"/>
  <testcase name="ValidSearch" time="16.494" classname="sceanrios_TCs.Search_Scenario"/>
</testsuite> <!-- sceanrios_TCs.Search_Scenario -->
